<?xml version="1.0" encoding="UTF-8"?>
<!-- Generated by org.testng.reporters.JUnitReportReporter -->
<testsuite hostname="PC18" failures="0" tests="1" name="selenium.AutomateWebTest.AppTest" time="0.007" errors="0" timestamp="2025-04-15T16:45:53 IST" skipped="0">
  <testcase classname="selenium.AutomateWebTest.AppTest" name="testApp" time="0.007"/>
</testsuite> <!-- selenium.AutomateWebTest.AppTest -->
