<?xml version="1.0" encoding="UTF-8"?>
<!-- Generated by org.testng.reporters.JUnitReportReporter -->
<testsuite hostname="PC18" failures="0" tests="4" name="com.tesing.Test.TestNgAnnotations" time="0.906" errors="0" timestamp="2025-04-16T11:51:52 IST" skipped="0">
  <testcase classname="com.tesing.Test.TestNgAnnotations" name="a" time="0.012"/>
  <testcase classname="com.tesing.Test.TestNgAnnotations" name="j" time="0.010"/>
  <testcase classname="com.tesing.Test.TestNgAnnotations" name="v" time="0.855"/>
  <testcase classname="com.tesing.Test.TestNgAnnotations" name="A" time="0.029"/>
</testsuite> <!-- com.tesing.Test.TestNgAnnotations -->
