<?xml version="1.0" encoding="UTF-8"?>
<!-- Generated by org.testng.reporters.JUnitReportReporter -->
<testsuite hostname="PC18" failures="0" tests="5" name="com.tesing.Test.DataProviderTest" time="0.049" errors="0" timestamp="2025-04-16T11:20:09 IST" skipped="0">
  <testcase classname="com.tesing.Test.DataProviderTest" name="test" time="0.006"/>
  <testcase classname="com.tesing.Test.DataProviderTest" name="test" time="0.006"/>
  <testcase classname="com.tesing.Test.DataProviderTest" name="test" time="0.006"/>
  <testcase classname="com.tesing.Test.DataProviderTest" name="test" time="0.025"/>
  <testcase classname="com.tesing.Test.DataProviderTest" name="test" time="0.006"/>
</testsuite> <!-- com.tesing.Test.DataProviderTest -->
